{
  "RSpec": {
    "coverage": {
      "/home/RitaHartnell/tic-tac-toe-rb-ruby-apply-000/lib/tic_tac_toe.rb": [
        1,
        5,
        5,
        5,
        5,
        5,
        null,
        null,
        1,
        7,
        null,
        null,
        1,
        6,
        null,
        null,
        1,
        9,
        null,
        null,
        1,
        7,
        null,
        null,
        1,
        4,
        4,
        4,
        4,
        3,
        3,
        3,
        null,
        1,
        null,
        null,
        null,
        null,
        1,
        1,
        1,
        null,
        null,
        null,
        1,
        5,
        5,
        45,
        5,
        null,
        null,
        5,
        null,
        null,
        1,
        4,
        4,
        3,
        1,
        0,
        null,
        1,
        null,
        null,
        null,
        null,
        1,
        null,
        null,
        null,
        null,
        null,
        null,
        null,
        null,
        null,
        1,
        14,
        96,
        8,
        null,
        null,
        6,
        null,
        null,
        1,
        14,
        null,
        null,
        1,
        13,
        3,
        null,
        10,
        null,
        null,
        1,
        8,
        8,
        1,
        7,
        5,
        null,
        2,
        null,
        null,
        1,
        5,
        3,
        3,
        0,
        null,
        3,
        null,
        null,
        null
      ]
    },
    "timestamp": 1588026252
  }
}
