{
  "RSpec": {
    "coverage": {
      "/home/RitaHartnell/tic-tac-toe-rb-ruby-apply-000/lib/tic_tac_toe.rb": [
        1,
        15,
        15,
        15,
        15,
        15,
        null,
        null,
        1,
        17,
        null,
        null,
        1,
        16,
        null,
        null,
        1,
        19,
        null,
        null,
        1,
        17,
        null,
        null,
        1,
        14,
        14,
        14,
        14,
        13,
        13,
        13,
        null,
        1,
        null,
        null,
        null,
        1,
        15,
        15,
        135,
        11,
        null,
        null,
        15,
        null,
        null,
        1,
        14,
        14,
        8,
        6,
        4,
        null,
        2,
        null,
        null,
        null,
        null,
        1,
        null,
        null,
        null,
        null,
        null,
        null,
        null,
        null,
        null,
        1,
        36,
        215,
        17,
        null,
        null,
        19,
        null,
        null,
        1,
        42,
        null,
        null,
        1,
        41,
        7,
        null,
        34,
        null,
        null,
        1,
        20,
        20,
        4,
        16,
        10,
        null,
        6,
        null,
        null,
        1,
        10,
        9,
        0,
        null,
        9,
        9,
        5,
        null,
        null,
        null,
        null,
        null,
        null,
        1,
        11,
        11,
        null,
        null,
        11,
        3,
        null,
        8,
        8,
        null,
        null
      ]
    },
    "timestamp": 1588027167
  }
}
